[0mGET /teacher/getsubject/64a025717164c68fd215cafc [32m200[0m 733.852 ms - 109700[0m
[0mGET / [36m302[0m 123.756 ms - 56[0m
[0mGET /Login [36m304[0m 93.495 ms - -[0m
[0mPOST /create-session [36m302[0m 341.213 ms - 80[0m
[0mGET /teacher/dashboard [32m200[0m 421.738 ms - 19016[0m
[0mGET /teacher/getsubject/64a025717164c68fd215cafc [36m304[0m 842.941 ms - -[0m
[0mGET /teacher/getsubject/64a025717164c68fd215cafc [36m304[0m 817.864 ms - -[0m
[0mPOST /teacher/addattendance [36m302[0m 613.390 ms - 174[0m
[0mGET /teacher/getsubject/64a025717164c68fd215cafc [32m200[0m 1664.799 ms - 109819[0m
[0mPOST /teacher/addattendance [36m302[0m 518.748 ms - 174[0m
[0mGET /teacher/getsubject/64a025717164c68fd215cafc [32m200[0m 1260.465 ms - 109817[0m
[0mPOST /teacher/addattendance [36m302[0m 508.300 ms - 174[0m
[0mGET /teacher/getsubject/64a025717164c68fd215cafc [32m200[0m 1182.876 ms - 109817[0m
[0mGET /teacher/getsubject/64a025717164c68fd215cafc [32m200[0m 1089.423 ms - 109626[0m
[0mPOST /teacher/addattendance [36m302[0m 432.169 ms - 174[0m
[0mGET /teacher/getsubject/64a025717164c68fd215cafc [32m200[0m 844.607 ms - 109817[0m
[0mPOST /teacher/addattendance [36m302[0m 348.821 ms - 174[0m
[0mGET /teacher/getsubject/64a025717164c68fd215cafc [32m200[0m 870.005 ms - 109817[0m
[0mGET /teacher/getsubject/64a025717164c68fd215cafc [32m200[0m 844.373 ms - 109626[0m
[0mPOST /teacher/addattendance [36m302[0m 544.880 ms - 174[0m
[0mGET /teacher/getsubject/64a025717164c68fd215cafc [32m200[0m 2333.099 ms - 109817[0m
[0mGET /teacher/getsubject/64a025717164c68fd215cafc [32m200[0m 960.227 ms - 109626[0m
[0mPOST /teacher/addattendance [36m302[0m 534.165 ms - 174[0m
[0mGET /teacher/getsubject/64a025717164c68fd215cafc [32m200[0m 906.028 ms - 109817[0m
[0mGET /teacher/addattendance [33m404[0m 99.010 ms - 160[0m
[0mGET /teacher/dashboard [32m200[0m 446.702 ms - 19016[0m
[0mGET / [36m302[0m 3.008 ms - 56[0m
[0mGET /Login [36m304[0m 11.774 ms - -[0m
[0mPOST /create-session [36m302[0m 221.646 ms - 80[0m
[0mGET /teacher/dashboard [32m200[0m 346.179 ms - 19014[0m
[0mGET /teacher/getsubject/64a025717164c68fd215cafc [32m200[0m 1471.336 ms - 206957[0m
[0mGET /teacher/getsubject/64a025717164c68fd215cafc [32m200[0m 795.372 ms - 206996[0m
[0mGET /teacher/getsubject/64a025717164c68fd215cafc [32m200[0m 819.509 ms - 207399[0m
[0mPOST /teacher/addattendance [36m302[0m 498.795 ms - 87[0m
[0mGET /teacher/getsubject/64a025717164c68fd215cafc [32m200[0m 831.215 ms - 207515[0m
[0mGET /teacher/getsubject/64a025717164c68fd215cafc [32m200[0m 789.870 ms - 207324[0m
[0mGET /teacher/getsubject/64a025717164c68fd215cafc [36m304[0m 855.281 ms - -[0m
[0mGET /teacher/getsubject/64a025717164c68fd215cafc [32m200[0m 912.013 ms - 207323[0m
[0mPOST /teacher/addattendance [0m-[0m - ms - -[0m
[0mGET /teacher/getsubject/64a025717164c68fd215cafc [32m200[0m 881.450 ms - 207323[0m
[0mPOST /teacher/addattendance [0m-[0m - ms - -[0m
[0mPOST /teacher/addattendance [0m-[0m - ms - -[0m
[0mGET /teacher/getsubject/64a025717164c68fd215cafc [36m304[0m 1116.528 ms - -[0m
[0mPOST /teacher/addattendance [36m302[0m 449.498 ms - 87[0m
[0mGET /teacher/getsubject/64a025717164c68fd215cafc [32m200[0m 904.494 ms - 207514[0m
[0mGET /teacher/getsubject/64a025717164c68fd215cafc [32m200[0m 898.683 ms - 207323[0m
[0mGET /teacher/getsubject/64a025717164c68fd215cafc [36m304[0m 2001.498 ms - -[0m
[0mPOST /teacher/addattendance [36m302[0m 758.271 ms - 87[0m
[0mGET /teacher/getsubject/64a025717164c68fd215cafc [32m200[0m 947.081 ms - 207590[0m
[0mGET /teacher/getsubject/64a025717164c68fd215cafc [32m200[0m 925.978 ms - 207399[0m
[0mGET /teacher/getsubject/64a025717164c68fd215cafc [36m304[0m 1084.493 ms - -[0m
[0mPOST /teacher/addattendance [36m302[0m 436.409 ms - 87[0m
[0mGET /teacher/getsubject/64a025717164c68fd215cafc [32m200[0m 941.760 ms - 207590[0m
[0mGET /teacher/getsubject/64a025717164c68fd215cafc [32m200[0m 905.638 ms - 207399[0m
[0mGET /teacher/getsubject/64a025717164c68fd215cafc [36m304[0m 1354.281 ms - -[0m
[0mPOST /teacher/addattendance [36m302[0m 540.640 ms - 87[0m
[0mGET /teacher/getsubject/64a025717164c68fd215cafc [32m200[0m 1036.255 ms - 207590[0m
[0mGET /teacher/getsubject/64a025717164c68fd215cafc [32m200[0m 1849.034 ms - 207399[0m
[0mGET /teacher/getsubject/64a025717164c68fd215cafc [36m304[0m 2505.724 ms - -[0m
[0mPOST /teacher/addattendance [36m302[0m 655.160 ms - 87[0m
[0mGET /teacher/getsubject/64a025717164c68fd215cafc [32m200[0m 1026.020 ms - 207590[0m
[0mGET /teacher/getsubject/64a025717164c68fd215cafc [32m200[0m 1047.822 ms - 207399[0m
[0mPOST /teacher/addattendance [36m302[0m 487.542 ms - 87[0m
[0mGET /teacher/getsubject/64a025717164c68fd215cafc [32m200[0m 1125.631 ms - 207665[0m
[0mGET /teacher/getsubject/64a025717164c68fd215cafc [32m200[0m 1032.534 ms - 207474[0m
[0mGET /teacher/getsubject/64a025717164c68fd215cafc [36m304[0m 1924.419 ms - -[0m
[0mPOST /teacher/addattendance [36m302[0m 625.966 ms - 87[0m
[0mGET /teacher/getsubject/64a025717164c68fd215cafc [32m200[0m 1121.446 ms - 207665[0m
[0mGET /teacher/getsubject/64a025717164c68fd215cafc [32m200[0m 1163.457 ms - 207474[0m
[0mGET /teacher/getsubject/64a025717164c68fd215cafc [36m304[0m 961.834 ms - -[0m
[0mGET /teacher/getsubject/64a025717164c68fd215cafc [32m200[0m 1002.958 ms - 207474[0m
[0mPOST /teacher/addattendance [0m-[0m - ms - -[0m
[0mGET /teacher/getsubject/64a025717164c68fd215cafc [32m200[0m 1123.423 ms - 207665[0m
[0mGET /teacher/getsubject/64a025717164c68fd215cafc [32m200[0m 1078.902 ms - 207474[0m
[0mGET /teacher/getsubject/64a025717164c68fd215cafc [36m304[0m 1026.603 ms - -[0m
[0mGET /teacher/getsubject/64a025717164c68fd215cafc [36m304[0m 1316.134 ms - -[0m
[0mGET /teacher/getsubject/64a025717164c68fd215cafc [32m200[0m 993.622 ms - 207474[0m
[0mPOST /teacher/addattendance [0m-[0m - ms - -[0m
[0mGET /teacher/dashboard [36m304[0m 366.457 ms - -[0m
[0mGET /teacher/getsubject/64a0294b7164c68fd215cf98 [32m200[0m 538.372 ms - 110395[0m
[0mGET /teacher/getsubject/64a0294b7164c68fd215cf98 [36m304[0m 1607.002 ms - -[0m
[0mGET /teacher/getsubject/64a0294b7164c68fd215cf98 [32m200[0m 492.898 ms - 110395[0m
[0mGET /teacher/dashboard [36m304[0m 379.722 ms - -[0m
[0mGET /teacher/getsubject/64a0294b7164c68fd215cf98 [36m304[0m 488.690 ms - -[0m
[0mGET /teacher/dashboard [36m304[0m 435.014 ms - -[0m
[0mGET /teacher/getsubject/64a025717164c68fd215cafc [32m200[0m 844.978 ms - 207474[0m
[0mGET /teacher/dashboard [36m304[0m 361.255 ms - -[0m
[0mGET /teacher/getsubject/64a0294b7164c68fd215cf98 [36m304[0m 510.890 ms - -[0m
[0mGET /teacher/getsubject/64a0294b7164c68fd215cf98 [32m200[0m 493.334 ms - 110394[0m
[0mPOST /teacher/addattendance [0m-[0m - ms - -[0m
[0mGET /teacher/getsubject/64a0294b7164c68fd215cf98 [36m304[0m 530.148 ms - -[0m
[0mGET /teacher/getsubject/64a0294b7164c68fd215cf98 [32m200[0m 469.297 ms - 110402[0m
[0mPOST /teacher/addattendance [0m-[0m - ms - -[0m
[0mGET /teacher/getsubject/64a0294b7164c68fd215cf98 [32m200[0m 563.504 ms - 110401[0m
[0mGET /teacher/getsubject/64a0294b7164c68fd215cf98 [32m200[0m 535.385 ms - 110401[0m
[0mPOST /teacher/addattendance [0m-[0m - ms - -[0m
[0mGET /teacher/getsubject/64a0294b7164c68fd215cf98 [36m304[0m 610.357 ms - -[0m
[0mGET /teacher/getsubject/64a0294b7164c68fd215cf98 [32m200[0m 562.292 ms - 110401[0m
[0mPOST /teacher/addattendance [0m-[0m - ms - -[0m
[0mGET /teacher/getsubject/64a0294b7164c68fd215cf98 [36m304[0m 678.277 ms - -[0m
[0mGET /teacher/getsubject/64a0294b7164c68fd215cf98 [32m200[0m 546.462 ms - 110401[0m
[0mPOST /teacher/addattendance [0m-[0m - ms - -[0m
[0mGET /teacher/getsubject/64a0294b7164c68fd215cf98 [32m200[0m 659.903 ms - 110549[0m
[0mGET /teacher/getsubject/64a0294b7164c68fd215cf98 [32m200[0m 554.933 ms - 110551[0m
[0mPOST /teacher/addattendance [0m-[0m - ms - -[0m
[0mPOST /teacher/addattendance [32m200[0m 5680.923 ms - 2[0m
[0mGET /teacher/getsubject/64a0294b7164c68fd215cf98 [32m200[0m 681.424 ms - 110742[0m
[0mGET /teacher/getsubject/64a0294b7164c68fd215cf98 [32m200[0m 643.599 ms - 110551[0m
[0mPOST /teacher/addattendance [32m200[0m 6184.945 ms - 2[0m
[0mGET /teacher/getsubject/64a0294b7164c68fd215cf98 [32m200[0m 625.582 ms - 110742[0m
[0mGET /teacher/getsubject/64a0294b7164c68fd215cf98 [32m200[0m 658.882 ms - 110551[0m
[0mGET /teacher/getsubject/64a0294b7164c68fd215cf98 [32m200[0m 640.478 ms - 110551[0m
[0mPOST /teacher/addattendance [32m200[0m 7804.259 ms - 268677[0m
[0mGET /teacher/getsubject/64a0294b7164c68fd215cf98 [32m200[0m 660.905 ms - 110551[0m
[0mPOST /teacher/addattendance [32m200[0m 5995.767 ms - 280677[0m
[0mGET /teacher/getsubject/64a0294b7164c68fd215cf98 [32m200[0m 812.864 ms - 210421[0m
[0mPOST /teacher/addattendance [32m200[0m 7616.982 ms - 294229[0m
[0mGET /teacher/getsubject/64a0294b7164c68fd215cf98 [32m200[0m 795.786 ms - 210429[0m
[0mPOST /teacher/addattendance [32m200[0m 7334.912 ms - 306284[0m
[0mGET /teacher/getsubject/64a0294b7164c68fd215cf98 [32m200[0m 708.378 ms - 210421[0m
[0mPOST /teacher/addattendance [32m200[0m 7190.499 ms - 318339[0m
[0mGET /teacher/getsubject/64a0294b7164c68fd215cf98 [32m200[0m 773.480 ms - 210527[0m
[0mPOST /teacher/addattendance [32m200[0m 7387.642 ms - 330394[0m
[0mGET /teacher/getsubject/64a0294b7164c68fd215cf98 [32m200[0m 797.374 ms - 210640[0m
[0mPOST /teacher/addattendance [32m200[0m 7502.952 ms - 342449[0m
[0mGET /teacher/getsubject/64a0294b7164c68fd215cf98 [32m200[0m 804.331 ms - 210640[0m
[0mGET /teacher/getsubject/64a0294b7164c68fd215cf98 [32m200[0m 746.486 ms - 213947[0m
[0mPOST /teacher/addattendance [32m200[0m 8288.550 ms - 354504[0m
[0mGET /teacher/getsubject/64a0294b7164c68fd215cf98 [32m200[0m 775.588 ms - 214528[0m
[0mPOST /teacher/addattendance [32m200[0m 7311.416 ms - 366559[0m
[0mGET /teacher/getsubject/64a0294b7164c68fd215cf98 [32m200[0m 768.871 ms - 214903[0m
[0mPOST /teacher/addattendance [32m200[0m 7312.535 ms - 378614[0m
[0mGET /teacher/getsubject/64a0294b7164c68fd215cf98 [31m500[0m 807.090 ms - 1867[0m
[0mGET /teacher/getsubject/64a0294b7164c68fd215cf98 [32m200[0m 718.030 ms - 165783[0m
[0mPOST /teacher/addattendance [32m200[0m 7418.371 ms - 390669[0m
[0mGET /teacher/getsubject/64a0294b7164c68fd215cf98 [31m500[0m 671.401 ms - 2449[0m
[0mGET /teacher/getsubject/64a0294b7164c68fd215cf98 [32m200[0m 631.911 ms - 114839[0m
[0mPOST /teacher/addattendance [32m200[0m 6660.178 ms - 402724[0m
[0mGET /teacher/getsubject/64a0294b7164c68fd215cf98 [32m200[0m 682.692 ms - 115035[0m
[0mPOST /teacher/addattendance [32m200[0m 6638.322 ms - 414779[0m
[0mGET /teacher/getsubject/64a0294b7164c68fd215cf98 [32m200[0m 640.159 ms - 115045[0m
[0mPOST /teacher/addattendance [32m200[0m 6429.854 ms - 426834[0m
[0mGET /teacher/getsubject/64a0294b7164c68fd215cf98 [32m200[0m 680.555 ms - 115042[0m
[0mPOST /teacher/addattendance [32m200[0m 6294.423 ms - 438889[0m
[0mGET /teacher/getsubject/64a0294b7164c68fd215cf98 [32m200[0m 1619.226 ms - 115117[0m
[0mPOST /teacher/addattendance [32m200[0m 7064.204 ms - 450944[0m
[0mGET /teacher/getsubject/64a0294b7164c68fd215cf98 [32m200[0m 827.300 ms - 115115[0m
[0mPOST /teacher/addattendance [32m200[0m 6860.657 ms - 462999[0m
[0mGET /teacher/getsubject/64a0294b7164c68fd215cf98 [32m200[0m 750.568 ms - 115116[0m
[0mPOST /teacher/addattendance [32m200[0m 8025.534 ms - 475054[0m
[0mGET /teacher/getsubject/64a0294b7164c68fd215cf98 [32m200[0m 1182.663 ms - 115117[0m
[0mPOST /teacher/addattendance [32m200[0m 7443.365 ms - 487109[0m
[0mGET /teacher/getsubject/64a0294b7164c68fd215cf98 [32m200[0m 986.026 ms - 115114[0m
[0mPOST /teacher/addattendance [32m200[0m 7270.478 ms - 499164[0m
[0mGET /teacher/getsubject/64a0294b7164c68fd215cf98 [32m200[0m 823.030 ms - 115108[0m
[0mPOST /teacher/addattendance [32m200[0m 7169.099 ms - 511219[0m
[0mGET /teacher/getsubject/64a0294b7164c68fd215cf98 [32m200[0m 2826.273 ms - 113634[0m
[0mPOST /teacher/addattendance [32m200[0m 7656.321 ms - 523274[0m
[0mGET /teacher/getsubject/64a0294b7164c68fd215cf98 [32m200[0m 1124.397 ms - 113718[0m
[0mPOST /teacher/addattendance [32m200[0m 8311.218 ms - 535329[0m
[0mGET /teacher/getsubject/64a0294b7164c68fd215cf98 [32m200[0m 1027.656 ms - 113726[0m
[0mPOST /teacher/addattendance [32m200[0m 7578.550 ms - 547384[0m
[0mGET /teacher/getsubject/64a0294b7164c68fd215cf98 [32m200[0m 2446.950 ms - 113763[0m
[0mPOST /teacher/addattendance [32m200[0m 8393.158 ms - 559439[0m
[0mGET /teacher/getsubject/64a0294b7164c68fd215cf98 [32m200[0m 1390.073 ms - 113757[0m
[0mPOST /teacher/addattendance [32m200[0m 9485.681 ms - 571494[0m
[0mGET / [36m302[0m 91.818 ms - 56[0m
[0mGET /Login [36m304[0m 90.036 ms - -[0m
[0mPOST /create-session [36m302[0m 300.155 ms - 80[0m
[0mGET /teacher/dashboard [32m200[0m 391.096 ms - 19014[0m
[0mGET /teacher/getsubject/64a0294b7164c68fd215cf98 [32m200[0m 1196.877 ms - 113514[0m
[0mPOST /teacher/addattendance [32m200[0m 7031.066 ms - 583549[0m
[0mGET /teacher/getsubject/64a0294b7164c68fd215cf98 [32m200[0m 2533.944 ms - 115043[0m
[0mPOST /teacher/addattendance [32m200[0m 7017.415 ms - 595604[0m
[0mGET /teacher/getsubject/64a0294b7164c68fd215cf98 [32m200[0m 1135.622 ms - 115048[0m
[0mPOST /teacher/addattendance [32m200[0m 7007.762 ms - 607659[0m
[0mGET /teacher/getsubject/64a0294b7164c68fd215cf98 [32m200[0m 1178.204 ms - 115053[0m
[0mPOST /teacher/addattendance [32m200[0m 7393.478 ms - 619714[0m
[0mGET /teacher/getsubject/64a0294b7164c68fd215cf98 [32m200[0m 1082.365 ms - 115051[0m
[0mPOST /teacher/addattendance [32m200[0m 7378.760 ms - 631769[0m
[0mGET /teacher/getsubject/64a0294b7164c68fd215cf98 [32m200[0m 1218.045 ms - 115039[0m
[0mPOST /teacher/addattendance [32m200[0m 7594.029 ms - 643824[0m
[0mGET /teacher/getsubject/64a0294b7164c68fd215cf98 [32m200[0m 1249.798 ms - 114982[0m
[0mPOST /teacher/addattendance [32m200[0m 7214.562 ms - 655879[0m
[0mGET /teacher/getsubject/64a0294b7164c68fd215cf98 [32m200[0m 1117.600 ms - 114982[0m
[0mPOST /teacher/addattendance [32m200[0m 7305.757 ms - 667934[0m
[0mGET /teacher/getsubject/64a0294b7164c68fd215cf98 [32m200[0m 1247.020 ms - 115048[0m
[0mPOST /teacher/addattendance [32m200[0m 7429.569 ms - 679989[0m
[0mPOST /teacher/addattendance [32m200[0m 7448.400 ms - 692044[0m
[0mGET /teacher/getsubject/64a0294b7164c68fd215cf98 [32m200[0m 1275.343 ms - 115193[0m
[0mPOST /teacher/addattendance [32m200[0m 7306.226 ms - 704099[0m
[0mGET /teacher/getsubject/64a0294b7164c68fd215cf98 [32m200[0m 1520.102 ms - 115193[0m
[0mGET /teacher/getsubject/64a0294b7164c68fd215cf98 [32m200[0m 1220.162 ms - 115002[0m
[0mPOST /teacher/addattendance [32m200[0m 3672.096 ms - 716229[0m
[0mPOST /teacher/addattendance [32m200[0m 3291.257 ms - 728359[0m
[0mGET /teacher/getsubject/64a0294b7164c68fd215cf98 [32m200[0m 4099.844 ms - 114929[0m
[0mPOST /teacher/addattendance [32m200[0m 4361.550 ms - 740489[0m
[0mPOST /teacher/addattendance [32m200[0m 4590.177 ms - 752619[0m
[0mGET /teacher/getsubject/64a0294b7164c68fd215cf98 [32m200[0m 1171.750 ms - 114929[0m
[0mPOST /teacher/addattendance [32m200[0m 3278.325 ms - 764749[0m
[0mGET /teacher/getsubject/64a0294b7164c68fd215cf98 [32m200[0m 1095.548 ms - 114929[0m
[0mGET /teacher/getsubject/64a0294b7164c68fd215cf98 [36m304[0m 1148.834 ms - -[0m
[0mPOST /teacher/addattendance [32m200[0m 3412.051 ms - 781059[0m
[0mPOST /teacher/addattendance [32m200[0m 3321.564 ms - 793189[0m
[0mPOST /teacher/addattendance [32m200[0m 4433.473 ms - 805319[0m
[0mGET /teacher/getsubject/64a0294b7164c68fd215cf98 [32m200[0m 1918.345 ms - 114929[0m
[0mPOST /teacher/addattendance [32m200[0m 8528.556 ms - 817376[0m
[0mGET /teacher/getsubject/64a0294b7164c68fd215cf98 [32m200[0m 1267.943 ms - 114929[0m
[0mGET /teacher/getsubject/64a0294b7164c68fd215cf98 [36m304[0m 1498.086 ms - -[0m
[0mGET /teacher/getsubject/64a0294b7164c68fd215cf98 [36m304[0m 1311.767 ms - -[0m
[0mGET /teacher/getsubject/64a0294b7164c68fd215cf98 [36m304[0m 1471.406 ms - -[0m
[0mGET /teacher/getsubject/64a0294b7164c68fd215cf98 [36m304[0m 1476.632 ms - -[0m
[0mGET /teacher/getsubject/64a0294b7164c68fd215cf98 [36m304[0m 1585.159 ms - -[0m
[0mPOST /teacher/addattendance [0m-[0m - ms - -[0m
[0mPOST /teacher/addattendance [32m200[0m 8283.954 ms - 862536[0m
[0mGET /teacher/getsubject/64a0294b7164c68fd215cf98 [32m200[0m 1097.118 ms - 114929[0m
[0mGET /teacher/getsubject/64a0294b7164c68fd215cf98 [36m304[0m 2238.763 ms - -[0m
[0mPOST /teacher/addattendance [32m200[0m 8125.860 ms - 878846[0m
[0mGET /teacher/dashboard [32m200[0m 451.365 ms - 19205[0m
[0mGET /teacher/getsubject/64a025717164c68fd215cafc [32m200[0m 1032.276 ms - 211933[0m
[0mPOST /teacher/addattendance [32m200[0m 14747.464 ms - 647587[0m
[0mGET /teacher/getsubject/64a025717164c68fd215cafc [32m200[0m 1559.503 ms - 212124[0m
[0mPOST /teacher/addattendance [32m200[0m 14665.221 ms - 671792[0m
[0mGET /teacher/getsubject/64a025717164c68fd215cafc [32m200[0m 1369.550 ms - 211608[0m
[0mGET /teacher/getsubject/64a025717164c68fd215cafc [36m304[0m 1715.459 ms - -[0m
[0mPOST /teacher/addattendance [32m200[0m 14090.798 ms - 704302[0m
[0mGET /teacher/getsubject/64a025717164c68fd215cafc [32m200[0m 1066.049 ms - 209597[0m
[0mPOST /teacher/addattendance [32m200[0m 15203.658 ms - 728507[0m
[0mGET / [36m302[0m 118.243 ms - 56[0m
[0mGET /Login [36m304[0m 96.437 ms - -[0m
[0mPOST /create-session [36m302[0m 331.251 ms - 80[0m
[0mGET /teacher/dashboard [32m200[0m 479.638 ms - 19014[0m
[0mGET /teacher/getsubject/64a0294b7164c68fd215cf98 [32m200[0m 3327.157 ms - 112793[0m
[0mGET /teacher/attendance_update/64a0294b7164c68fd215cf98 [32m200[0m 2476.133 ms - 41317[0m
[0mGET /teacher/attendaceedit/64a115b403e75d363bdfed75 [32m200[0m 2016.260 ms - 141048[0m
[0mGET /teacher/allotsubject [32m200[0m 369.988 ms - 12303[0m
[0mGET /sign-out [36m302[0m 220.851 ms - 46[0m
[0mGET / [36m302[0m 4.041 ms - 56[0m
[0mGET /Login [36m304[0m 6.808 ms - -[0m
[0mPOST /create-session [36m302[0m 268.037 ms - 80[0m
[0mGET /student/dashboard [32m200[0m 644.460 ms - 22299[0m
[0mGET /student/attendance [32m200[0m 532.945 ms - 12175[0m
[0mGET /student/internalmark [36m304[0m 379.211 ms - -[0m
[0mGET /student/dashboard [36m304[0m 696.129 ms - -[0m
[0mGET /student/feedback [32m200[0m 528.962 ms - 9460[0m
[0mGET /student/attendance [36m304[0m 436.791 ms - -[0m
[0mGET /student/attendancesingle/64a011f6c932ed59194c8c48 [32m200[0m 700.523 ms - 12912[0m
[0mGET /student/dashboard [32m200[0m 615.018 ms - 22299[0m
[0mGET /sign-out [36m302[0m 185.781 ms - 46[0m
[0mGET / [36m302[0m 4.648 ms - 56[0m
[0mGET /Login [36m304[0m 8.297 ms - -[0m
[0mPOST /create-session [36m302[0m 295.823 ms - 80[0m
[0mGET /teacher/dashboard [36m304[0m 384.845 ms - -[0m
[0mGET /teacher/dashboard [36m304[0m 387.123 ms - -[0m
[0mGET /sign-out [36m302[0m 171.628 ms - 46[0m
[0mGET / [36m302[0m 4.504 ms - 56[0m
[0mGET /Login [36m304[0m 5.270 ms - -[0m
[0mPOST /create-session [36m302[0m 267.069 ms - 80[0m
[0mGET /student/dashboard [32m200[0m 625.339 ms - 22299[0m
[0mGET /student/attendance [32m200[0m 451.339 ms - 12175[0m
[0mGET /student/attendancesingle/64a011f6c932ed59194c8c48 [32m200[0m 1931.065 ms - 12912[0m
[0mGET /student/attendancesingle/64a011f6c932ed59194c8c48 [32m200[0m 681.182 ms - 12912[0m
[0mGET /student/internalmark [32m200[0m 377.542 ms - 15205[0m
[0mGET /student/internalmark [36m304[0m 393.994 ms - -[0m
[0mGET /student/internalmark [36m304[0m 407.761 ms - -[0m
[0mGET /student/internalmark [36m304[0m 373.746 ms - -[0m
[0mGET /student/internalmark [36m304[0m 470.593 ms - -[0m
[0mGET /student/internalmark [36m304[0m 378.202 ms - -[0m
[0mGET /student/internalmark [36m304[0m 418.383 ms - -[0m
[0mGET /sign-out [36m302[0m 250.967 ms - 46[0m
[0mGET / [36m302[0m 5.845 ms - 56[0m
[0mGET /Login [36m304[0m 18.881 ms - -[0m
[0mPOST /create-session [36m302[0m 293.650 ms - 80[0m
[0mGET /teacher/dashboard [36m304[0m 487.234 ms - -[0m
[0mGET /teacher/getsubject/64a0294b7164c68fd215cf98 [36m304[0m 1350.939 ms - -[0m
[0mPOST /teacher/addattendance [32m200[0m 10579.050 ms - 570351[0m
[0mPOST /teacher/addattendance [32m200[0m 10189.623 ms - 578281[0m
[0mGET /teacher/getsubject/64a0294b7164c68fd215cf98 [31m500[0m 1927.668 ms - 1201[0m
[0mGET /teacher/getsubject/64a0294b7164c68fd215cf98 [32m200[0m 1605.116 ms - 118708[0m
[0mPOST /teacher/addattendance [32m200[0m 11352.193 ms - 630549[0m
[0mGET /teacher/getsubject/64a0294b7164c68fd215cf98 [32m200[0m 2265.706 ms - 213151[0m
[0mGET /teacher/getsubject/64a0294b7164c68fd215cf98 [36m304[0m 1907.002 ms - -[0m
[0mGET /teacher/dashboard [32m200[0m 497.914 ms - 19014[0m
[0mGET /teacher/getsubject/64a0294b7164c68fd215cf98 [36m304[0m 1643.740 ms - -[0m
[0mGET /teacher/dashboard [36m304[0m 461.398 ms - -[0m
[0mGET /teacher/getsubject/64a025717164c68fd215cafc [32m200[0m 1341.390 ms - 213068[0m
[0mGET /sign-out [36m302[0m 217.244 ms - 46[0m
[0mGET / [36m302[0m 3.420 ms - 56[0m
[0mGET /Login [36m304[0m 6.173 ms - -[0m
[0mPOST /create-session [36m302[0m 273.883 ms - 80[0m
[0mGET /teacher/dashboard [32m200[0m 449.489 ms - 19053[0m
[0mGET /teacher/getsubject/64a011d1c932ed59194c8bb5 [32m200[0m 1135.455 ms - 114620[0m
[0mPOST /teacher/addattendance [32m200[0m 8487.828 ms - 101165[0m
[0mGET /teacher/getsubject/64a011d1c932ed59194c8bb5 [32m200[0m 780.539 ms - 114575[0m
[0mPOST /teacher/addattendance [32m200[0m 8260.273 ms - 109276[0m
[0mGET /teacher/getsubject/64a011d1c932ed59194c8bb5 [32m200[0m 752.208 ms - 114559[0m
[0mPOST /teacher/addattendance [32m200[0m 6786.412 ms - 117387[0m
[0mGET /teacher/getsubject/64a011d1c932ed59194c8bb5 [32m200[0m 653.658 ms - 114559[0m
[0mGET /teacher/getsubject/64a011d1c932ed59194c8bb5 [32m200[0m 978.324 ms - 114571[0m
[0mPOST /teacher/addattendance [32m200[0m 6916.065 ms - 125498[0m
[0mGET /teacher/getsubject/64a011d1c932ed59194c8bb5 [32m200[0m 1007.740 ms - 114671[0m
[0mPOST /teacher/addattendance [32m200[0m 7314.335 ms - 133609[0m
[0mGET /teacher/getsubject/64a011d1c932ed59194c8bb5 [32m200[0m 659.927 ms - 114693[0m
[0mPOST /teacher/addattendance [32m200[0m 8612.652 ms - 141720[0m
[0mGET /teacher/getsubject/64a011d1c932ed59194c8bb5 [32m200[0m 975.942 ms - 114756[0m
[0mPOST /teacher/addattendance [32m200[0m 7317.112 ms - 149831[0m
[0mGET /teacher/getsubject/64a011d1c932ed59194c8bb5 [32m200[0m 693.122 ms - 114760[0m
[0mPOST /teacher/addattendance [32m200[0m 7105.890 ms - 157942[0m
[0mGET /teacher/getsubject/64a011d1c932ed59194c8bb5 [32m200[0m 941.726 ms - 114918[0m
[0mPOST /teacher/addattendance [32m200[0m 7227.202 ms - 166053[0m
[0mGET /teacher/getsubject/64a011d1c932ed59194c8bb5 [32m200[0m 842.654 ms - 114918[0m
[0mGET /teacher/dashboard [36m304[0m 376.066 ms - -[0m
[0mGET /teacher/getsubject/64a011d1c932ed59194c8bb5 [36m304[0m 643.852 ms - -[0m
[0mGET /teacher/dashboard [36m304[0m 365.603 ms - -[0m
[0mGET /teacher/getsubject/64a011bfc932ed59194c8bae [32m200[0m 485.711 ms - 114923[0m
[0mPOST /teacher/addattendance [32m200[0m 6445.718 ms - 60998[0m
[0mGET /teacher/getsubject/64a011bfc932ed59194c8bae [32m200[0m 520.613 ms - 114847[0m
[0mGET /teacher/getsubject/64a011bfc932ed59194c8bae [36m304[0m 482.259 ms - -[0m
[0mPOST /teacher/addattendance [32m200[0m 6106.580 ms - 69109[0m
[0mGET /teacher/getsubject/64a011bfc932ed59194c8bae [32m200[0m 512.616 ms - 114847[0m
[0mPOST /teacher/addattendance [32m200[0m 6625.316 ms - 77220[0m
[0mGET /teacher/getsubject/64a011bfc932ed59194c8bae [32m200[0m 597.554 ms - 114847[0m
[0mPOST /teacher/addattendance [32m200[0m 6826.151 ms - 85331[0m
[0mGET /teacher/getsubject/64a011bfc932ed59194c8bae [32m200[0m 605.810 ms - 114989[0m
[0mGET /teacher/getsubject/64a011bfc932ed59194c8bae [36m304[0m 644.300 ms - -[0m
[0mGET /teacher/getsubject/64a011bfc932ed59194c8bae [36m304[0m 656.978 ms - -[0m
[0mPOST /teacher/addattendance [0m-[0m - ms - -[0m
[0mGET /teacher/getsubject/64a011bfc932ed59194c8bae [36m304[0m 607.237 ms - -[0m
[0mPOST /teacher/addattendance [32m200[0m 6610.922 ms - 93662[0m
[0mGET /teacher/getsubject/64a011bfc932ed59194c8bae [32m200[0m 581.447 ms - 114989[0m
[0mGET /teacher/getsubject/64a011bfc932ed59194c8bae [32m200[0m 607.705 ms - 114989[0m
[0mPOST /teacher/addattendance [32m200[0m 7075.047 ms - 111992[0m
[0mGET /teacher/getsubject/64a011bfc932ed59194c8bae [32m200[0m 605.278 ms - 114990[0m
[0mPOST /teacher/addattendance [36m302[0m 7013.406 ms - 174[0m
[0mGET /teacher/getsubject/64a011bfc932ed59194c8bae [32m200[0m 544.961 ms - 115202[0m
[0mGET /teacher/getsubject/64a011bfc932ed59194c8bae [32m200[0m 655.655 ms - 115011[0m
[0mPOST /teacher/addattendance [0m-[0m - ms - -[0m
[0mGET /teacher/getsubject/64a011bfc932ed59194c8bae [32m200[0m 712.497 ms - 115069[0m
[0mPOST /teacher/addattendance [32m200[0m 6252.558 ms - 136098[0m
[0mGET /teacher/getsubject/64a011bfc932ed59194c8bae [32m200[0m 632.862 ms - 115069[0m
[0mPOST /teacher/addattendance [32m200[0m 6109.955 ms - 142778[0m
[0mGET /teacher/getsubject/64a011bfc932ed59194c8bae [32m200[0m 626.779 ms - 115069[0m
[0mGET /teacher/getsubject/64a011bfc932ed59194c8bae [36m304[0m 859.413 ms - -[0m
[0mGET /teacher/getsubject/64a011bfc932ed59194c8bae [36m304[0m 650.865 ms - -[0m
[0mPOST /teacher/addattendance [0m-[0m - ms - -[0m
[0mGET /teacher/getsubject/64a011bfc932ed59194c8bae [36m304[0m 1525.037 ms - -[0m
[0mPOST /teacher/addattendance [32m200[0m 534.660 ms - 150758[0m
[0mPOST /teacher/addattendance [32m200[0m 599.028 ms - 158758[0m
[0mGET /teacher/getsubject/64a011bfc932ed59194c8bae [32m200[0m 722.058 ms - 115089[0m
[0mPOST /teacher/addattendance [32m200[0m 614.324 ms - 166815[0m
[0mGET /teacher/dashboard [32m200[0m 382.327 ms - 19053[0m
[0mGET /teacher/getsubject/64a011d1c932ed59194c8bb5 [32m200[0m 646.973 ms - 115064[0m
[0mPOST /teacher/addattendance [32m200[0m 656.031 ms - 172798[0m
[0mGET /teacher/attendance_update/64a011d1c932ed59194c8bb5 [32m200[0m 865.038 ms - 19883[0m
[0mGET /teacher/getsubject/64a011d1c932ed59194c8bb5 [32m200[0m 618.419 ms - 115064[0m
[0mPOST /teacher/addattendance [32m200[0m 610.726 ms - 180778[0m
[0mGET / [36m302[0m 9.051 ms - 56[0m
[0mGET /Login [36m304[0m 33.595 ms - -[0m
[0mPOST /create-session [36m302[0m 259.623 ms - 80[0m
[0mGET /teacher/dashboard [32m200[0m 356.715 ms - 21977[0m
[0mGET /teacher/getsubject/649c2bf767670c4a5cae8629 [32m200[0m 648.846 ms - 150531[0m
[0mGET /teacher/attendance_update/649c2bf767670c4a5cae8629 [36m304[0m 683.980 ms - -[0m
[0mGET /teacher/attendance_view/649c2bf767670c4a5cae8629 [36m304[0m 700.172 ms - -[0m
[0mGET /teacher/attendance_update/649c2bf767670c4a5cae8629 [36m304[0m 692.529 ms - -[0m
[0mGET /teacher/getsubject/649c2bf767670c4a5cae8629 [36m304[0m 615.472 ms - -[0m
[0mPOST /teacher/addattendance [32m200[0m 632.015 ms - 179203[0m
[0mPOST /teacher/addattendance [32m200[0m 625.498 ms - 190228[0m
[0mGET /teacher/attendance_update/649c2bf767670c4a5cae8629 [32m200[0m 752.949 ms - 20694[0m
[0mGET /teacher/attendance_view/649c2bf767670c4a5cae8629 [32m200[0m 755.340 ms - 175956[0m
[0mGET /teacher/attendance_update/649c2bf767670c4a5cae8629 [36m304[0m 726.846 ms - -[0m
[0mGET /teacher/attendance_view/649c2bf767670c4a5cae8629 [36m304[0m 721.281 ms - -[0m
[0mGET /teacher/attendance_update/649c2bf767670c4a5cae8629 [36m304[0m 750.474 ms - -[0m
[0mGET /teacher/attendance_view/649c2bf767670c4a5cae8629 [36m304[0m 738.655 ms - -[0m
[0mGET /teacher/getsubject/649c2bf767670c4a5cae8629 [32m200[0m 685.098 ms - 150531[0m
[0mGET /teacher/dashboard [36m304[0m 371.687 ms - -[0m
[0mGET /sign-out [36m302[0m 167.857 ms - 46[0m
[0mGET / [36m302[0m 2.503 ms - 56[0m
[0mGET /Login [36m304[0m 7.304 ms - -[0m
[0mPOST /create-session [36m302[0m 227.970 ms - 80[0m
[0mGET /student/dashboard [32m200[0m 516.548 ms - 27081[0m
[0mGET /student/attendance [32m200[0m 375.178 ms - 18886[0m
[0mGET /student/attendancesingle/649c2c5a581bd2fcd9835764 [32m200[0m 660.510 ms - 24522[0m
[0mGET /student/attendancesingle/649d863f0a642c3c695938e8 [32m200[0m 669.236 ms - 21772[0m
[0mGET /student/attendancesingle/649d863f0a642c3c695938e8 [32m200[0m 651.402 ms - 21772[0m
[0mGET /student/attendancesingle/649d86490a642c3c69593936 [32m200[0m 654.779 ms - 21772[0m
[0mGET /student/dashboard [32m200[0m 509.657 ms - 27081[0m
[0mGET /student/attendance [32m200[0m 375.309 ms - 18886[0m
[0mGET /student/dashboard [36m304[0m 514.258 ms - -[0m
[0mGET / [36m302[0m 20.865 ms - 56[0m
[0mGET /Login [36m304[0m 18.887 ms - -[0m
[0mPOST /create-session [36m302[0m 83.112 ms - 56[0m
[0mGET /Login [36m304[0m 5.979 ms - -[0m
[0mPOST /create-session [36m302[0m 225.999 ms - 76[0m
[0mGET /admin/dashboard [32m200[0m 203.923 ms - 15628[0m
[0mGET /images/dashboard.png [33m404[0m 105.320 ms - 159[0m
[0mGET /images/Feedback.png [33m404[0m 123.992 ms - 158[0m
[0mGET /admin/dashboard [36m304[0m 212.866 ms - -[0m
[0mGET /images/dashboard.png [33m404[0m 65.640 ms - 159[0m
[0mGET /images/Feedback.png [33m404[0m 72.030 ms - 158[0m
[0mGET /admin/dashboard [36m304[0m 204.190 ms - -[0m
[0mGET /images/dashboard.png [33m404[0m 61.628 ms - 159[0m
[0mGET /images/Feedback.png [33m404[0m 64.727 ms - 158[0m
[0mGET /admin/dashboard [36m304[0m 196.867 ms - -[0m
[0mGET /images/dashboard.png [33m404[0m 64.755 ms - 159[0m
[0mGET /images/Feedback.png [33m404[0m 61.407 ms - 158[0m
[0mGET /admin/dashboard [36m304[0m 195.966 ms - -[0m
[0mGET /images/dashboard.png [33m404[0m 69.299 ms - 159[0m
[0mGET /images/Feedback.png [33m404[0m 66.747 ms - 158[0m
[0mGET /admin/dashboard [36m304[0m 207.232 ms - -[0m
[0mGET /images/dashboard.png [33m404[0m 64.625 ms - 159[0m
[0mGET /images/Feedback.png [33m404[0m 61.970 ms - 158[0m
[0mGET /admin/dashboard [36m304[0m 191.051 ms - -[0m
[0mGET /images/dashboard.png [33m404[0m 62.233 ms - 159[0m
[0mGET /images/Feedback.png [33m404[0m 63.933 ms - 158[0m
[0mGET /admin/dashboard [36m304[0m 204.833 ms - -[0m
[0mGET /images/dashboard.png [33m404[0m 66.325 ms - 159[0m
[0mGET /images/Feedback.png [33m404[0m 63.208 ms - 158[0m
[0mGET /admin/dashboard [36m304[0m 186.450 ms - -[0m
[0mGET /images/dashboard.png [33m404[0m 60.736 ms - 159[0m
[0mGET /images/Feedback.png [33m404[0m 64.684 ms - 158[0m
[0mGET /admin/dashboard [36m304[0m 199.865 ms - -[0m
[0mGET /images/dashboard.png [33m404[0m 64.691 ms - 159[0m
[0mGET /images/Feedback.png [33m404[0m 59.896 ms - 158[0m
[0mGET /admin/dashboard [36m304[0m 193.060 ms - -[0m
[0mGET /images/dashboard.png [33m404[0m 58.935 ms - 159[0m
[0mGET /images/Feedback.png [33m404[0m 63.161 ms - 158[0m
[0mGET /admin/dashboard [36m304[0m 204.827 ms - -[0m
[0mGET /images/dashboard.png [33m404[0m 66.803 ms - 159[0m
[0mGET /images/Feedback.png [33m404[0m 61.559 ms - 158[0m
[0mGET /admin/dashboard [36m304[0m 193.594 ms - -[0m
[0mGET /images/dashboard.png [33m404[0m 62.486 ms - 159[0m
[0mGET /images/Feedback.png [33m404[0m 65.085 ms - 158[0m
[0mGET /admin/dashboard [36m304[0m 192.593 ms - -[0m
[0mGET /images/dashboard.png [33m404[0m 63.360 ms - 159[0m
[0mGET /images/Feedback.png [33m404[0m 60.138 ms - 158[0m
[0mGET /admin/dashboard [36m304[0m 193.906 ms - -[0m
[0mGET /images/dashboard.png [33m404[0m 60.525 ms - 159[0m
[0mGET /images/Feedback.png [33m404[0m 65.630 ms - 158[0m
[0mGET /admin/dashboard [36m304[0m 191.399 ms - -[0m
[0mGET /images/dashboard.png [33m404[0m 66.852 ms - 159[0m
[0mGET /images/Feedback.png [33m404[0m 63.177 ms - 158[0m
[0mGET /admin/dashboard [36m304[0m 191.912 ms - -[0m
[0mGET /images/dashboard.png [33m404[0m 61.985 ms - 159[0m
[0mGET /images/Feedback.png [33m404[0m 66.281 ms - 158[0m
[0mGET /admin/dashboard [32m200[0m 205.801 ms - 16240[0m
[0mGET /images/Feedback.png [33m404[0m 65.055 ms - 158[0m
[0mGET /admin/dashboard [32m200[0m 213.268 ms - 16549[0m
[0mGET /admin/dashboard [36m304[0m 192.545 ms - -[0m
[0mGET /admin/dashboard [32m200[0m 227.033 ms - 17349[0m
[0mGET /admin/dashboard [32m200[0m 212.027 ms - 17780[0m
[0mGET /admin/dashboard [36m304[0m 210.658 ms - -[0m
[0mGET /admin/dashboard [36m304[0m 195.400 ms - -[0m
[0mGET /admin/dashboard [36m304[0m 200.880 ms - -[0m
[0mGET /admin/dashboard [32m200[0m 202.402 ms - 17769[0m
[0mGET /admin/dashboard [32m200[0m 223.017 ms - 18255[0m
[0mGET /admin/dashboard [32m200[0m 748.818 ms - 18500[0m
[0mGET /admin/dashboard [36m304[0m 198.820 ms - -[0m
[0mGET /admin/dashboard [32m200[0m 216.672 ms - 18574[0m
[0mGET /sign-out [36m302[0m 206.919 ms - 46[0m
[0mGET / [36m302[0m 2.530 ms - 56[0m
[0mGET /Login [36m304[0m 5.462 ms - -[0m
[0mPOST /create-session [36m302[0m 190.761 ms - 80[0m
[0mGET /teacher/dashboard [32m200[0m 335.038 ms - 22013[0m
[0mGET /sign-out [36m302[0m 132.782 ms - 46[0m
[0mGET / [36m302[0m 4.107 ms - 56[0m
[0mGET /Login [36m304[0m 5.197 ms - -[0m
[0mPOST /create-session [36m302[0m 201.962 ms - 76[0m
[0mGET /admin/dashboard [36m304[0m 189.670 ms - -[0m
[0mGET /admin/dashboard [32m200[0m 207.335 ms - 19558[0m
[0mGET /admin/dashboard [32m200[0m 206.601 ms - 19927[0m
[0mGET /admin/dashboard [32m200[0m 195.561 ms - 20059[0m
[0mGET /admin/dashboard [32m200[0m 200.164 ms - 21099[0m
[0mGET /admin/dashboard [32m200[0m 207.866 ms - 21183[0m
[0mGET /admin/dashboard [36m304[0m 193.769 ms - -[0m
[0mGET /admin/dashboard [36m304[0m 185.261 ms - -[0m
[0mGET /admin/dashboard [36m304[0m 194.412 ms - -[0m
[0mGET /admin/dashboard [36m304[0m 204.744 ms - -[0m
[0mGET /admin/dashboard [36m304[0m 185.548 ms - -[0m
[0mGET /admin/allotsubject [32m200[0m 81.771 ms - 11484[0m
[0mGET /admin/dashboard [36m304[0m 191.127 ms - -[0m
[0mGET /admin/dashboard [36m304[0m 204.698 ms - -[0m
[0mGET /admin/dashboard [36m304[0m 186.202 ms - -[0m
[0mGET /admin/dashboard [36m304[0m 192.066 ms - -[0m
[0mGET /admin/dashboard [36m304[0m 184.590 ms - -[0m
[0mGET /admin/dashboard [36m304[0m 190.701 ms - -[0m
[0mGET /admin/dashboard [36m304[0m 195.929 ms - -[0m
[0mGET /admin/dashboard [36m304[0m 184.615 ms - -[0m
[0mGET /admin/dashboard [36m304[0m 198.420 ms - -[0m
[0mGET /admin/dashboard [36m304[0m 197.285 ms - -[0m
[0mGET /admin/dashboard [36m304[0m 193.654 ms - -[0m
[0mGET /admin/dashboard [36m304[0m 191.234 ms - -[0m
[0mGET /admin/dashboard [36m304[0m 202.647 ms - -[0m
[0mGET /admin/dashboard [36m304[0m 189.339 ms - -[0m
[0mGET / [36m302[0m 5.397 ms - 56[0m
[0mGET /Login [32m200[0m 5.350 ms - 3494[0m
[0mPOST /create-session [36m302[0m 216.516 ms - 80[0m
[0mGET /teacher/dashboard [32m200[0m 339.071 ms - 22013[0m
[0mGET /admin/dashboard [36m304[0m 197.015 ms - -[0m
[0mGET /admin/dashboard [32m200[0m 206.631 ms - 21224[0m
[0mGET /admin/dashboard [36m304[0m 193.260 ms - -[0m
[0mGET /admin/dashboard [36m304[0m 197.150 ms - -[0m
[0mGET /admin/notification [32m200[0m 140.128 ms - 43327[0m
[0mGET /admin/allotsubject [32m200[0m 75.196 ms - 11486[0m
[0mGET /admin/dashboard [36m304[0m 185.680 ms - -[0m
[0mGET /admin/dashboard [32m200[0m 189.676 ms - 21184[0m
[0mGET /admin/dashboard [32m200[0m 187.131 ms - 21224[0m
[0mGET /admin/dashboard [36m304[0m 188.818 ms - -[0m
[0mGET /admin/dashboard [36m304[0m 187.278 ms - -[0m
[0mGET /admin/dashboard [36m304[0m 183.806 ms - -[0m
[0mGET /admin/dashboard [36m304[0m 187.030 ms - -[0m
[0mGET /admin/dashboard [36m304[0m 191.457 ms - -[0m
[0mGET /admin/dashboard [32m200[0m 190.065 ms - 21184[0m
[0mGET /admin/addteacher [32m200[0m 97.619 ms - 11978[0m
[0mGET /admin/allotsubject [32m200[0m 73.654 ms - 11485[0m
[0mPOST /admin/searchteacherid [32m200[0m 276.012 ms - 17728[0m
[0mGET /admin/dashboard [36m304[0m 188.053 ms - -[0m
[0mGET /teacher/getsubject/649c2bf767670c4a5cae8629 [32m200[0m 1293.855 ms - 150550[0m
[0mGET /admin/dashboard [36m304[0m 211.331 ms - -[0m
[0mGET /admin/dashboard [32m200[0m 194.514 ms - 21224[0m
[0mGET /admin/notification [32m200[0m 121.700 ms - 43327[0m
[0mGET /admin/dashboard [36m304[0m 169.979 ms - -[0m
[0mGET /admin/allotsubject [32m200[0m 59.881 ms - 11486[0m
[0mGET /admin/calendar [32m200[0m 117.499 ms - 12367[0m
[0mGET /admin/dashboard [36m304[0m 168.641 ms - -[0m
[0mGET /teacher/internalmarks/649c2bf767670c4a5cae8629 [32m200[0m 635.663 ms - 200446[0m
[0mGET /teacher/getsubject/649c2bf767670c4a5cae8629 [36m304[0m 593.960 ms - -[0m
[0mGET /teacher/internalmarks/649c2bf767670c4a5cae8629 [36m304[0m 645.271 ms - -[0m
[0mGET /teacher/getsubject/649c2bf767670c4a5cae8629 [36m304[0m 599.944 ms - -[0m
[0mGET /teacher/internalmarks/649c2bf767670c4a5cae8629 [36m304[0m 639.096 ms - -[0m
[0mGET /teacher/getsubject/649c2bf767670c4a5cae8629 [36m304[0m 596.839 ms - -[0m
[0mGET /teacher/attendance_update/649c2bf767670c4a5cae8629 [32m200[0m 674.897 ms - 20713[0m
[0mGET /teacher/attendance_view/649c2bf767670c4a5cae8629 [32m200[0m 667.710 ms - 175975[0m
[0mGET /teacher/attendance_update/649c2bf767670c4a5cae8629 [36m304[0m 633.057 ms - -[0m
[0mGET /teacher/internalmarks/649c2bf767670c4a5cae8629 [36m304[0m 527.480 ms - -[0m
[0mGET /teacher/dashboard [36m304[0m 311.892 ms - -[0m
[0mGET /teacher/getsubject/649e2afb0a642c3c69593991 [32m200[0m 395.257 ms - 111453[0m
[0mGET /teacher/internalmarks/649e2afb0a642c3c69593991 [32m200[0m 464.079 ms - 151569[0m
[0mGET /admin/allotsubject [36m304[0m 68.541 ms - -[0m
[0mPOST /admin/searchteacherid [32m200[0m 253.633 ms - 17729[0m
[0mGET /admin/deletesubject/?id=649c2a23b1d80f6ff3c69bbf&teacherid=649c1ca33cc741c5719a3fb7 [32m200[0m 267.343 ms - 14753[0m
[0mGET /admin/deletesubject/?id=649c2a23b1d80f6ff3c69bbf&teacherid=649c1ca33cc741c5719a3fb7 [32m200[0m 244.393 ms - 14935[0m
[0mGET /teacher/dashboard [32m200[0m 312.883 ms - 20338[0m
[0mGET /admin/allotsubject [32m200[0m 68.836 ms - 11668[0m
[0mPOST /admin/searchteacherid [32m200[0m 260.596 ms - 16254[0m
[0mGET /admin/deletesubject/?id=64a011d1c932ed59194c8bb5&teacherid=649c1ca33cc741c5719a3fb8 [32m200[0m 247.477 ms - 14753[0m
[0mGET /sign-out [36m302[0m 151.666 ms - 46[0m
[0mGET / [36m302[0m 2.402 ms - 56[0m
[0mGET /Login [36m304[0m 5.631 ms - -[0m
[0mGET / [36m302[0m 62.194 ms - 56[0m
[0mGET /Login [36m304[0m 71.518 ms - -[0m
[0mPOST /create-session [36m302[0m 249.272 ms - 80[0m
[0mGET /student/dashboard [32m200[0m 460.329 ms - 27085[0m
[0mGET /sign-out [36m302[0m 156.902 ms - 46[0m
[0mGET / [36m302[0m 4.178 ms - 56[0m
[0mGET /Login [36m304[0m 5.564 ms - -[0m
[0mPOST /create-session [36m302[0m 193.078 ms - 80[0m
[0mGET /teacher/dashboard [32m200[0m 319.279 ms - 20338[0m
[0mGET /sign-out [36m302[0m 131.028 ms - 46[0m
[0mGET / [36m302[0m 3.258 ms - 56[0m
[0mGET /Login [36m304[0m 4.794 ms - -[0m
[0mPOST /create-session [36m302[0m 188.587 ms - 80[0m
[0mGET /teacher/dashboard [36m304[0m 307.946 ms - -[0m
[0mGET /teacher/allotsubject [32m200[0m 253.113 ms - 13820[0m
[0mGET /teacher/dashboard [36m304[0m 322.418 ms - -[0m
[0mGET /teacher/dashboard [32m200[0m 315.432 ms - 20594[0m
[0mGET /teacher/dashboard [36m304[0m 310.100 ms - -[0m
[0mGET /teacher/allotsubject [32m200[0m 253.417 ms - 13824[0m
[0mGET /teacher/dashboard [36m304[0m 312.344 ms - -[0m
[0mGET /teacher/allotsubject [36m304[0m 252.130 ms - -[0m
[0mGET /teacher/allotsubject [36m304[0m 258.577 ms - -[0m
[0mGET /teacher/dashboard [36m304[0m 320.578 ms - -[0m
[0mGET /teacher/dashboard [36m304[0m 316.029 ms - -[0m
[0mGET /teacher/allotsubject [36m304[0m 279.852 ms - -[0m
[0mGET /teacher/allotsubject [32m200[0m 251.790 ms - 13887[0m
[0mGET /teacher/allotsubject [36m304[0m 266.950 ms - -[0m
[0mGET /teacher/dashboard [32m200[0m 315.087 ms - 20405[0m
[0mGET /teacher/allotsubject [36m304[0m 253.700 ms - -[0m
[0mGET /teacher/dashboard [36m304[0m 317.228 ms - -[0m
[0mGET /sign-out [36m302[0m 149.984 ms - 46[0m
[0mGET / [36m302[0m 4.743 ms - 56[0m
[0mGET /Login [36m304[0m 6.532 ms - -[0m
[0mPOST /create-session [36m302[0m 192.732 ms - 76[0m
[0mGET /admin/dashboard [32m200[0m 186.598 ms - 21264[0m
[0mGET /admin/notification [32m200[0m 130.155 ms - 43328[0m
[0mGET /admin/notification [32m200[0m 143.335 ms - 43367[0m
[0mGET /admin/allotsubject [32m200[0m 84.554 ms - 11487[0m
[0mGET /admin/allotsubject [32m200[0m 69.815 ms - 11527[0m
[0mGET /admin/calendar [32m200[0m 135.071 ms - 12371[0m
[0mGET /admin/calendar [32m200[0m 137.966 ms - 12372[0m
[0mGET /admin/calendar [32m200[0m 148.182 ms - 12411[0m
[0mGET /admin/calendar [32m200[0m 125.401 ms - 12414[0m
[0mGET /admin/dashboard [32m200[0m 201.140 ms - 21232[0m
